<?xml version="1.0" encoding="UTF-8"?>
<!-- Generated by org.testng.reporters.JUnitReportReporter -->
<testsuite hostname="DESKTOP-MPRC3MJ" failures="0" tests="2" name="Academy.validateTitleHome" time="0.105" errors="0" timestamp="2022-02-25T15:47:49 IST" skipped="0">
  <testcase classname="Academy.validateTitleHome" name="validateHeader" time="0.057"/>
  <system-out/>
  <testcase classname="Academy.validateTitleHome" name="validateTitle" time="0.048"/>
  <system-out/>
</testsuite> <!-- Academy.validateTitleHome -->
