<?xml version="1.0" encoding="UTF-8"?>
<!-- Generated by org.testng.reporters.JUnitReportReporter -->
<testsuite hostname="DESKTOP-MPRC3MJ" failures="0" tests="1" name="Academy.validateTitle" time="11.035" errors="0" timestamp="2022-02-21T12:16:27 IST" skipped="0">
  <testcase classname="Academy.validateTitle" name="homeePageNavigation" time="11.035"/>
  <system-out/>
</testsuite> <!-- Academy.validateTitle -->
