<?xml version="1.0" encoding="UTF-8"?>
<!-- Generated by org.testng.reporters.JUnitReportReporter -->
<testsuite hostname="DESKTOP-MPRC3MJ" failures="0" tests="2" name="Academy.HomePage" time="14.718" errors="0" timestamp="2022-02-21T11:44:53 IST" skipped="0">
  <testcase classname="Academy.HomePage" name="homeePageNavigation" time="8.391"/>
  <system-out/>
  <testcase classname="Academy.HomePage" name="homeePageNavigation" time="6.327"/>
  <system-out/>
</testsuite> <!-- Academy.HomePage -->
