<?xml version="1.0" encoding="UTF-8"?>
<!-- Generated by org.testng.reporters.JUnitReportReporter -->
<testsuite hostname="DESKTOP-MPRC3MJ" failures="0" tests="2" name="Academy.HomePageToLogin" time="7.762" errors="0" timestamp="2022-02-25T15:38:19 IST" skipped="0">
  <testcase classname="Academy.HomePageToLogin" name="homePageNavigation" time="2.867"/>
  <system-out/>
  <testcase classname="Academy.HomePageToLogin" name="homePageNavigation" time="4.895"/>
  <system-out/>
</testsuite> <!-- Academy.HomePageToLogin -->
