<?xml version="1.0" encoding="UTF-8"?>
<!-- Generated by org.testng.reporters.JUnitReportReporter -->
<testsuite hostname="DESKTOP-MPRC3MJ" failures="0" tests="1" name="Academy.validateContactBarHome" time="0.278" errors="0" timestamp="2022-02-25T14:35:06 IST" skipped="0">
  <testcase classname="Academy.validateContactBarHome" name="homePageNavigation" time="0.278"/>
  <system-out/>
</testsuite> <!-- Academy.validateContactBarHome -->
