<?xml version="1.0" encoding="UTF-8"?>
<!-- Generated by org.testng.reporters.JUnitReportReporter -->
<testsuite hostname="DESKTOP-MPRC3MJ" failures="0" tests="2" name="Academy.HomePageToLogin" time="13.995" errors="0" timestamp="2022-02-25T14:35:05 IST" skipped="0">
  <testcase classname="Academy.HomePageToLogin" name="homePageNavigation" time="10.987"/>
  <system-out/>
  <testcase classname="Academy.HomePageToLogin" name="homePageNavigation" time="3.008"/>
  <system-out/>
</testsuite> <!-- Academy.HomePageToLogin -->
